TN:
SF:src\services\SubmitFeedbackService.ts
FN:20,execute
FN:15,SubmitFeedbackService
FNF:2
FNH:2
FNDA:4,execute
FNDA:1,SubmitFeedbackService
DA:1,1
DA:2,1
DA:3,1
DA:4,1
DA:5,1
DA:6,1
DA:7,1
DA:8,1
DA:9,1
DA:10,1
DA:11,1
DA:12,1
DA:13,1
DA:14,1
DA:15,1
DA:16,1
DA:17,1
DA:18,1
DA:19,1
DA:20,1
DA:21,4
DA:22,4
DA:23,4
DA:24,4
DA:25,4
DA:26,4
DA:27,4
DA:28,4
DA:29,4
DA:30,1
DA:31,1
DA:32,3
DA:33,4
DA:34,1
DA:35,1
DA:36,2
DA:37,2
DA:38,4
DA:39,1
DA:40,1
DA:41,1
DA:42,1
DA:43,1
DA:44,1
DA:45,1
DA:46,1
DA:47,1
DA:48,1
DA:49,1
DA:50,1
DA:51,1
DA:52,1
LF:52
LH:52
BRDA:20,0,0,4
BRDA:29,1,0,1
BRDA:32,2,0,3
BRDA:33,3,0,1
BRDA:36,4,0,2
BRDA:38,5,0,1
BRDA:15,6,0,1
BRF:7
BRH:7
end_of_record
